Missing Profile Photo & LinkedIn Profile Log
ahuesca-enciso@myseneca.ca;
cvbrenda@myseneca.ca;
haokabe@myseneca.ca;
sanjan1@myseneca.ca;
ssaraswati@myseneca.ca;
bneupane9@myseneca.ca;
slama12@myseneca.ca;
ayushshahas17@outlook.com;
Ssamaradiwakara6070@conestogac.on.ca;
djsaldanha@myseneca.ca;
ssharma596@myseneca.ca;
aj.adeebajaved@outlook.com;
kdesai6826@conestogac.on.ca;
aarora9525@conestogac.on.ca;
asharma614@myseneca.ca;
vidhi236@my.yorku.ca;
amsharma1@myseneca.ca;
nallamatishivani18@gmail.com;
jwong301@myseneca.ca;
tghalayini1@myseneca.ca;
pavan108@my.yorku.ca;
wpwirindra@myseneca.ca;
vlukhad@myseneca.ca;
kali64@myseneca.ca;
srajkumar9@myseneca.ca;
zldlerin@myseneca.ca;
rishanmendis@yahoo.com / rmendis1@myseneca.ca;
shreya.adhvaryu@senecapolytechnic.ca;
shlok-kumar.sharma@senecapolytechnic.ca;
aryasamant.10@gmail.com;
kssorathiya@myseneca.ca;
