Missing Profile Photo & LinkedIn Profile Log
Missing Profile Photo: Irus Majam (icmajam@myseneca.ca)
Missing Profile Photo: Umar Nazarin Packeer (unpackeer@myseneca.ca)
Missing Profile Photo: Ashmy Thomas (athomas141@myseneca.ca)
Missing Profile Photo: Shikha Thing (sthing2@myseneca.ca)
Missing Profile Photo: Jasmeen Kaur (jasmeen-kaur39@myseneca.ca)
Missing Profile Photo: Nischal Sapkota (nsapkota5@myseneca.ca)
Missing Profile Photo: Keerthivaasan Elango (kelango1@myseneca.ca)
Missing Profile Photo: Divanshu (divanshu2@myseneca.ca)
Missing Profile Photo: Winlyn Luena (wluena@myseneca.ca)
Missing Profile Photo: Sanam Maharjan (smaharjan23@myseneca.ca)
Missing Profile Photo: Nisal Chandana Ekanayake (ncekanayake@myseneca.ca)
Missing Profile Photo: Upesha Pankajbhai Patel (uppatel8@myseneca.ca)
Missing Profile Photo: Naitik Pankaj Kumar Raval (npkraval@myseneca.ca)
Missing Profile Photo: Harmanjot Singh (hsingh958@myseneca.ca)
Missing Profile Photo: Andrea Huesca Enciso (ahuesca-enciso@myseneca.ca)
Missing LinkedIn Profile: Andrea Huesca Enciso (ahuesca-enciso@myseneca.ca)
Missing Profile Photo: Brenda Cáceres (cvbrenda@myseneca.ca)
Missing LinkedIn Profile: Brenda Cáceres (cvbrenda@myseneca.ca)
Missing Profile Photo: Haru Ai Okabe (haokabe@myseneca.ca)
Missing LinkedIn Profile: Haru Ai Okabe (haokabe@myseneca.ca)
Missing Profile Photo: Khushi Ajit Vaswani (kvaswani1@myseneca.ca)
Missing Profile Photo: Ramesh Banjade (rbanjade@myseneca.ca)
Missing Profile Photo: Biplav Neupane (bneupane9@myseneca.ca)
Missing LinkedIn Profile: Biplav Neupane (bneupane9@myseneca.ca)
Missing Profile Photo: Sagar Yonjan (slama12@myseneca.ca)
Missing LinkedIn Profile: Sagar Yonjan (slama12@myseneca.ca)
Missing Profile Photo: Seyedesomaye Najafi (Samira) (snajafi6@myseneca.ca)
Missing Profile Photo: Fenil Mehta (fmmehta@myseneca.ca)
Missing Profile Photo: Lily Ngo (lhngo1@myseneca.ca)
Missing Profile Photo: Abhinaya Narayanan Subramanian (anarayanan-subramani@myseneca.ca)
Missing Profile Photo: Abigail Cabazal (acabazal@myseneca.ca)
Missing Profile Photo: Justin Chu (hychu2@myseneca.ca)
Missing Profile Photo: Shreet Ketan Dave (skdave@myseneca.ca)
Missing Profile Photo: Krishita Nirmesh Vakil (knvakil@myseneca.ca)
Missing Profile Photo: Manjot Singh (msingh802@myseneca.ca)
Missing Profile Photo: Abhishek Pal (apal21@myseneca.ca)
Missing Profile Photo: Mankomal Kaur Gandhara (mkgandhara@myseneca.ca)
Missing Profile Photo: Jay Vijaykumar Vakil (jvakil@myseneca.ca)
Missing Profile Photo: Subhankar Gon (sgon@myseneca.ca)
Missing LinkedIn Profile: Subhankar Gon (sgon@myseneca.ca)
Missing Profile Photo: Ayush Shah (ayushshahas17@outlook.com)
Missing LinkedIn Profile: Ayush Shah (ayushshahas17@outlook.com)
Missing Profile Photo: Kris Sadiasa (kalmodal@myseneca.ca)
Missing Profile Photo: Rui Zhu (Hathaway) (rzhu27@myseneca.ca)
Missing Profile Photo: Ameya Mangesh Kokatay (ameya-mangesh.kokatay@senecapolytechnic.ca)
Missing Profile Photo: Tomisin Jephthah Ojaokomo (tjojaokomo@myseneca.ca)
Missing LinkedIn Profile: Tomisin Jephthah Ojaokomo (tjojaokomo@myseneca.ca)
Missing Profile Photo: Syed Shahzeb Saleem (sssaleem@myseneca.ca)
Missing Profile Photo: Susma Thapa (sthapa57@myseneca.ca)
Missing Profile Photo: W Dinithi Indrachaya Fernando (wdifernando@myseneca.ca)
Missing Profile Photo: Rashidat Kolawole (rskolawole@myseneca.ca)
Missing Profile Photo: Devanshi Bharatkumar Lokhandwala (dblokhandwala@myseneca.ca)
Missing Profile Photo: Jenil Hirenkumar Mehta (jhmehta1@myseneca.ca)
Missing Profile Photo: Nicole Herman Rodrigues (nhrodrigues@myseneca.ca)
Missing Profile Photo: Mai Huong Nguyen (mhnguyen23@myseneca.ca)
Missing Profile Photo: Sarthak Gupta (sgupta1797@conestogac.on.ca)
Missing LinkedIn Profile: Sarthak Gupta (sgupta1797@conestogac.on.ca)
Missing Profile Photo: Shakila Samaradiwakara (Ssamaradiwakara6070@conestogac.on.ca)
Missing LinkedIn Profile: Shakila Samaradiwakara (Ssamaradiwakara6070@conestogac.on.ca)
Missing Profile Photo: Utpal Manishchandra Prajapati (umprajapati@myseneca.ca)
Missing LinkedIn Profile: Utpal Manishchandra Prajapati (umprajapati@myseneca.ca)
Missing Profile Photo: Dwayne Jude Saldanha (djsaldanha@myseneca.ca)
Missing LinkedIn Profile: Dwayne Jude Saldanha (djsaldanha@myseneca.ca)
Missing Profile Photo: Shaurya Sharma (ssharma596@myseneca.ca)
Missing LinkedIn Profile: Shaurya Sharma (ssharma596@myseneca.ca)
Missing Profile Photo: Ruhail Hamza Mohamed (rhmohamed1@myseneca.ca)
Missing LinkedIn Profile: Ruhail Hamza Mohamed (rhmohamed1@myseneca.ca)
Missing Profile Photo: Rahul Amish Mamania (ramamania@myseneca.ca)
Missing Profile Photo: Kahan Desai (kdesai6826@conestogac.on.ca)
Missing LinkedIn Profile: Kahan Desai (kdesai6826@conestogac.on.ca)
Missing Profile Photo: Guilherme Luiz Barboza da Silva (glbarbozadasilva@myseneca.ca)
Missing Profile Photo: Khassan Suleimanov (ksuleimanov@myseneca.ca)
Missing Profile Photo: Siddhi Patel (siddhi4328@gmail.com)
Missing LinkedIn Profile: Siddhi Patel (siddhi4328@gmail.com)
Missing Profile Photo: Mustafa Siddiqui (msiddiqui48@myseneca.ca)
Missing Profile Photo: Sam Alavi (salavi13@myseneca.ca)
Missing Profile Photo: Chonticha Praditsakul (Num) (cpraditsakul@myseneca.ca)
Missing Profile Photo: Shanu Anie Alias (saalias@myseneca.ca)
Missing Profile Photo: Ankit Thapar (ankit.thapar@senecapolytechnic.ca)
Missing Profile Photo: Osman Kahraman (okahraman2@myseneca.ca)
Missing Profile Photo: Abdulgafar Temitope Tajudeen (attajudeen@myseneca.ca)
Missing Profile Photo: Boyu Cao (bcao10@myseneca.ca)
Missing Profile Photo: Ansh Arora (aarora9525@conestogac.on.ca)
Missing LinkedIn Profile: Ansh Arora (aarora9525@conestogac.on.ca)
Missing Profile Photo: Aryan Sharma (asharma614@myseneca.ca)
Missing LinkedIn Profile: Aryan Sharma (asharma614@myseneca.ca)
Missing Profile Photo: Vladyslav Savchyn (vsavchyn@myseneca.ca)
Missing LinkedIn Profile: Vladyslav Savchyn (vsavchyn@myseneca.ca)
Missing Profile Photo: Vidhi Mehta (vidhi236@my.yorku.ca)
Missing LinkedIn Profile: Vidhi Mehta (vidhi236@my.yorku.ca)
Missing Profile Photo: Mohammad Mozaffari (mmozaffri@myseneca.ca)
Missing Profile Photo: Ayda Safiri (asafiri1@myseneca.ca)
Missing Profile Photo: Mobina Kazemi (kmobina@myseneca.ca)
Missing Profile Photo: Aayushi Mahendra Sharma (amsharma1@myseneca.ca)
Missing LinkedIn Profile: Aayushi Mahendra Sharma (amsharma1@myseneca.ca)
Missing Profile Photo: Justin Wong (jwong301@myseneca.ca)
Missing LinkedIn Profile: Justin Wong (jwong301@myseneca.ca)
Missing Profile Photo: Talia Ghalayini (tghalayini1@myseneca.ca)
Missing LinkedIn Profile: Talia Ghalayini (tghalayini1@myseneca.ca)
Missing Profile Photo: Justice Asiedu (jasiedu1@myseneca.ca)
Missing Profile Photo: Arafat Ahmed Ansari (aa8@myseneca.ca)
Missing LinkedIn Profile: Arafat Ahmed Ansari (aa8@myseneca.ca)
Missing Profile Photo: Pavan Kumar (pavan108@my.yorku.ca)
Missing LinkedIn Profile: Pavan Kumar (pavan108@my.yorku.ca)
Missing Profile Photo: Safal Maharjan (smaharjan34@myseneca.ca)
Missing Profile Photo: Winona Putri Wirindra (wpwirindra@myseneca.ca)
Missing LinkedIn Profile: Winona Putri Wirindra (wpwirindra@myseneca.ca)
Missing Profile Photo: Vanshil Lukhad (vlukhad@myseneca.ca)
Missing LinkedIn Profile: Vanshil Lukhad (vlukhad@myseneca.ca)
Missing Profile Photo: Kaifee Ali (kali64@myseneca.ca)
Missing LinkedIn Profile: Kaifee Ali (kali64@myseneca.ca)
Missing Profile Photo: Le Xuan Hoa Dao (Hannah) (lxhdao@myseneca.ca)
Missing Profile Photo: Edwin Ramirez (eramierez@myseneca.ca)
Missing Profile Photo: Sanabanu Basir Patel (Sana) (sbpatel52@myseneca.ca)
Missing Profile Photo: Umut Deniz Eryigit (uderyigit@myseneca.ca)
Missing LinkedIn Profile: Umut Deniz Eryigit (uderyigit@myseneca.ca)
Missing Profile Photo: Zoe Lara Denise Lerin (zldlerin@myseneca.ca)
Missing LinkedIn Profile: Zoe Lara Denise Lerin (zldlerin@myseneca.ca)
Missing Profile Photo: Dinh Quoc (dto8@myseneca.ca)
Missing Profile Photo: Chan Young Kim (cykim4@myseneca.ca)
Missing Profile Photo: Rishan Mendis (rishanmendis@yahoo.com / rmendis1@myseneca.ca)
Missing LinkedIn Profile: Rishan Mendis (rishanmendis@yahoo.com / rmendis1@myseneca.ca)
Missing Profile Photo: Shreya Adhvaryu (shreya.adhvaryu@senecapolytechnic.ca)
Missing LinkedIn Profile: Shreya Adhvaryu (shreya.adhvaryu@senecapolytechnic.ca)
Missing Profile Photo: Shlok Kumar Sharma (shlok-kumar.sharma@senecapolytechnic.ca)
Missing LinkedIn Profile: Shlok Kumar Sharma (shlok-kumar.sharma@senecapolytechnic.ca)
Missing Profile Photo: Arya Prasad Samant (aryasamant.10@gmail.com)
Missing LinkedIn Profile: Arya Prasad Samant (aryasamant.10@gmail.com)
Missing Profile Photo: Majd Al Mnayer (mal-mnayer@myseneca.ca)
Missing Profile Photo: Kartik Sanjaybhai Sorathiya (kssorathiya@myseneca.ca)
Missing LinkedIn Profile: Kartik Sanjaybhai Sorathiya (kssorathiya@myseneca.ca)
Missing Profile Photo: Cleo Buenaventura (cjbuenaventura@myseneca.ca)
Missing LinkedIn Profile: Cleo Buenaventura (cjbuenaventura@myseneca.ca)
